{"D:\\js\\react_testing\\src\\App.js": {"path":"D:\\js\\react_testing\\src\\App.js","statementMap":{"0":{"start":{"line":3,"column":4},"end":{"line":3,"column":11193}},"1":{"start":{"line":4,"column":2},"end":{"line":15,"column":4}}},"fnMap":{"0":{"name":"App","decl":{"start":{"line":1,"column":9},"end":{"line":1,"column":12}},"loc":{"start":{"line":1,"column":21},"end":{"line":16,"column":1}},"line":1}},"branchMap":{},"s":{"0":2,"1":2},"f":{"0":2},"b":{},"_coverageSchema":"1a1c01bbd47fc00a2c39e90264f33305004495a9","hash":"c810366abe101c0bff4d8a52dcb327d5307a002c"}
,"D:\\js\\react_testing\\src\\Sum.js": {"path":"D:\\js\\react_testing\\src\\Sum.js","statementMap":{"0":{"start":{"line":4,"column":2},"end":{"line":4,"column":15}}},"fnMap":{"0":{"name":"Sum","decl":{"start":{"line":3,"column":9},"end":{"line":3,"column":12}},"loc":{"start":{"line":3,"column":19},"end":{"line":5,"column":1}},"line":3}},"branchMap":{},"s":{"0":1},"f":{"0":1},"b":{},"_coverageSchema":"1a1c01bbd47fc00a2c39e90264f33305004495a9","hash":"a0be1bc5cb94aaa7b6c1375a151717b2fb534ec5"}
}
