{"D:\\js\\react_testing\\src\\App.js": {"path":"D:\\js\\react_testing\\src\\App.js","statementMap":{"0":{"start":{"line":2,"column":2},"end":{"line":2,"column":41}}},"fnMap":{"0":{"name":"App","decl":{"start":{"line":1,"column":9},"end":{"line":1,"column":12}},"loc":{"start":{"line":1,"column":21},"end":{"line":3,"column":1}},"line":1}},"branchMap":{},"s":{"0":1},"f":{"0":1},"b":{},"_coverageSchema":"1a1c01bbd47fc00a2c39e90264f33305004495a9","hash":"18f35c43f9d7be0160eb8b69fd180a06200e1b4d"}
,"D:\\js\\react_testing\\src\\Sum.js": {"path":"D:\\js\\react_testing\\src\\Sum.js","statementMap":{"0":{"start":{"line":4,"column":2},"end":{"line":4,"column":15}}},"fnMap":{"0":{"name":"Sum","decl":{"start":{"line":3,"column":9},"end":{"line":3,"column":12}},"loc":{"start":{"line":3,"column":19},"end":{"line":5,"column":1}},"line":3}},"branchMap":{},"s":{"0":1},"f":{"0":1},"b":{},"_coverageSchema":"1a1c01bbd47fc00a2c39e90264f33305004495a9","hash":"a0be1bc5cb94aaa7b6c1375a151717b2fb534ec5"}
}
